<?xml version="1.0" encoding="UTF-8"?>
<testsuite xmlns:xsi="http://www.w3.org/2001/XMLSchema-instance" xsi:noNamespaceSchemaLocation="https://maven.apache.org/surefire/maven-surefire-plugin/xsd/surefire-test-report-3.0.xsd" version="3.0" name="com.springboot.blog.SpringbootBlogRestApiApplicationTests" time="10.676" tests="1" errors="0" skipped="0" failures="0">
  <properties>
[...]
</properties>
  <testcase name="contextLoads" classname="com.springboot.blog.SpringbootBlogRestApiApplicationTests" time="0.558">
    <system-out><![CDATA[20:56:35.236 [main] INFO org.springframework.test.context.support.AnnotationConfigContextLoaderUtils -- Could not detect default configuration classes for test class [com.springboot.blog.SpringbootBlogRestApiApplicationTests]: SpringbootBlogRestApiApplicationTests does not declare any static, non-private, non-final, nested classes annotated with @Configuration.
20:56:35.410 [main] INFO org.springframework.boot.test.context.SpringBootTestContextBootstrapper -- Found @SpringBootConfiguration com.springboot.blog.SpringbootBlogRestApiApplication for test class com.springboot.blog.SpringbootBlogRestApiApplicationTests
20:56:35.562 [main] INFO org.springframework.boot.devtools.restart.RestartApplicationListener -- Restart disabled due to context in which it is running

  .   ____          _            __ _ _
 /\\ / ___'_ __ _ _(_)_ __  __ _ \ \ \ \
( ( )\___ | '_ | '_| | '_ \/ _` | \ \ \ \
 \\/  ___)| |_)| | | | | || (_| |  ) ) ) )
  '  |____| .__|_| |_|_| |_\__, | / / / /
 =========|_|==============|___/=/_/_/_/
 :: Spring Boot ::                (v3.2.1)

2024-10-27T20:56:35.981+05:30  INFO 16748 --- [           main] .b.SpringbootBlogRestApiApplicationTests : Starting SpringbootBlogRestApiApplicationTests using Java 21.0.5 with PID 16748 (started by pprin in D:\Projects\springboot-blog-rest-api)
2024-10-27T20:56:35.982+05:30  INFO 16748 --- [           main] .b.SpringbootBlogRestApiApplicationTests : No active profile set, falling back to 1 default profile: "default"
2024-10-27T20:56:37.746+05:30  INFO 16748 --- [           main] .s.d.r.c.RepositoryConfigurationDelegate : Bootstrapping Spring Data JPA repositories in DEFAULT mode.
2024-10-27T20:56:37.822+05:30  INFO 16748 --- [           main] .s.d.r.c.RepositoryConfigurationDelegate : Finished Spring Data repository scanning in 68 ms. Found 5 JPA repository interfaces.
2024-10-27T20:56:39.631+05:30  INFO 16748 --- [           main] o.hibernate.jpa.internal.util.LogHelper  : HHH000204: Processing PersistenceUnitInfo [name: default]
2024-10-27T20:56:39.769+05:30  INFO 16748 --- [           main] org.hibernate.Version                    : HHH000412: Hibernate ORM core version 6.4.1.Final
2024-10-27T20:56:39.860+05:30  INFO 16748 --- [           main] o.h.c.internal.RegionFactoryInitiator    : HHH000026: Second-level cache disabled
2024-10-27T20:56:40.192+05:30  INFO 16748 --- [           main] o.s.o.j.p.SpringPersistenceUnitInfo      : No LoadTimeWeaver setup: ignoring JPA class transformer
2024-10-27T20:56:40.210+05:30  INFO 16748 --- [           main] com.zaxxer.hikari.HikariDataSource       : HikariPool-1 - Starting...
2024-10-27T20:56:40.592+05:30  INFO 16748 --- [           main] com.zaxxer.hikari.pool.HikariPool        : HikariPool-1 - Added connection com.mysql.cj.jdbc.ConnectionImpl@2e426dd2
2024-10-27T20:56:40.594+05:30  INFO 16748 --- [           main] com.zaxxer.hikari.HikariDataSource       : HikariPool-1 - Start completed.
2024-10-27T20:56:41.910+05:30  INFO 16748 --- [           main] o.h.e.t.j.p.i.JtaPlatformInitiator       : HHH000489: No JTA platform available (set 'hibernate.transaction.jta.platform' to enable JTA platform integration)
2024-10-27T20:56:42.011+05:30  INFO 16748 --- [           main] j.LocalContainerEntityManagerFactoryBean : Initialized JPA EntityManagerFactory for persistence unit 'default'
2024-10-27T20:56:43.564+05:30  WARN 16748 --- [           main] JpaBaseConfiguration$JpaWebConfiguration : spring.jpa.open-in-view is enabled by default. Therefore, database queries may be performed during view rendering. Explicitly configure spring.jpa.open-in-view to disable this warning
2024-10-27T20:56:44.265+05:30  INFO 16748 --- [           main] o.s.s.web.DefaultSecurityFilterChain     : Will secure any request with [org.springframework.security.web.session.DisableEncodeUrlFilter@f28ee19, org.springframework.security.web.context.request.async.WebAsyncManagerIntegrationFilter@7c07deff, org.springframework.security.web.context.SecurityContextHolderFilter@51c0346d, org.springframework.security.web.header.HeaderWriterFilter@71ae1cb, org.springframework.web.filter.CorsFilter@65374526, org.springframework.security.web.authentication.logout.LogoutFilter@39ff4421, com.springboot.blog.security.JwtAuthenticationFilter@61c11339, org.springframework.security.web.savedrequest.RequestCacheAwareFilter@5bb24266, org.springframework.security.web.servletapi.SecurityContextHolderAwareRequestFilter@63437af4, org.springframework.security.web.authentication.AnonymousAuthenticationFilter@664c0466, org.springframework.security.web.session.SessionManagementFilter@5276330a, org.springframework.security.web.access.ExceptionTranslationFilter@513fb873, org.springframework.security.web.access.intercept.AuthorizationFilter@4f378d7e]
2024-10-27T20:56:44.980+05:30  INFO 16748 --- [           main] .b.SpringbootBlogRestApiApplicationTests : Started SpringbootBlogRestApiApplicationTests in 9.432 seconds (process running for 11.559)
]]></system-out>
    <system-err><![CDATA[WARNING: A Java agent has been loaded dynamically (C:\Users\pprin\.m2\repository\net\bytebuddy\byte-buddy-agent\1.14.10\byte-buddy-agent-1.14.10.jar)
WARNING: If a serviceability tool is in use, please run with -XX:+EnableDynamicAgentLoading to hide this warning
WARNING: If a serviceability tool is not in use, please run with -Djdk.instrument.traceUsage for more information
WARNING: Dynamic loading of agents will be disallowed by default in a future release
]]></system-err>
  </testcase>
</testsuite>